<?xml version="1.0" encoding="UTF-8"?>
<!-- Generated by org.testng.reporters.JUnitReportReporter -->
<testsuite skipped="0" hostname="IN-QA10" name="JnitTest.TestNGSecond" tests="2" failures="0" timestamp="04 Mar 2018 08:46:51 GMT" time="0.019" errors="0">
  <testcase name="Login" time="0.007" classname="JnitTest.TestNGSecond"/>
  <testcase name="Compose" time="0.012" classname="JnitTest.TestNGSecond"/>
</testsuite> <!-- JnitTest.TestNGSecond -->
