<?xml version="1.0" encoding="UTF-8"?>
<!-- Generated by org.testng.reporters.JUnitReportReporter -->
<testsuite skipped="0" hostname="IN-QA10" name="JnitTest.TestNGTest" tests="2" failures="0" timestamp="04 Mar 2018 08:13:24 GMT" time="0.025" errors="0">
  <testcase name="TC_01" time="0.008" classname="JnitTest.TestNGTest"/>
  <testcase name="Tc_02" time="0.017" classname="JnitTest.TestNGTest"/>
</testsuite> <!-- JnitTest.TestNGTest -->
