<?xml version="1.0" encoding="UTF-8"?>
<!-- Generated by org.testng.reporters.JUnitReportReporter -->
<testsuite skipped="0" hostname="IN-QA10" name="JnitTest.TestNGFlow" tests="2" failures="0" timestamp="31 Oct 2018 17:02:14 GMT" time="0.011" errors="0">
  <testcase name="action5" time="0.010" classname="JnitTest.TestNGFlow"/>
  <testcase name="action6" time="0.001" classname="JnitTest.TestNGFlow"/>
</testsuite> <!-- JnitTest.TestNGFlow -->
